90	True
90	True
90	True
89	True
89	True
89	True
89	True
89	True
89	True
89	True
88	True
88	True
88	True
88	True
88	True
88	True
88	True
88	True
88	False
88	True
88	True
88	True
87	True
87	False
87	True
87	True
87	True
87	True
87	True
87	True
87	True
87	True
87	True
87	True
87	True
87	True
87	True
87	True
87	True
87	True
87	True
86	True
86	False
86	False
86	True
86	True
86	False
86	True
86	True
86	True
86	True
86	True
86	False
86	False
85	False
85	True
85	False
85	True
85	True
85	True
85	True
85	True
85	True
85	True
85	True
85	True
85	True
84	True
84	False
84	True
84	True
84	True
84	True
84	True
84	True
84	True
84	True
83	False
83	True
83	True
83	True
83	True
83	True
83	True
83	True
83	True
82	True
82	False
82	True
82	True
82	True
82	True
82	True
82	True
82	True
82	True
82	True
81	True
81	True
81	True
81	True
81	True
81	False
81	True
81	True
81	True
81	True
81	True
80	True
80	True
80	True
80	True
80	True
80	True
80	True
80	True
80	True
80	True
80	True
80	True
80	True
80	True
80	True
80	True
79	False
79	True
79	True
79	True
79	True
79	True
79	True
79	True
79	True
79	True
79	True
79	True
78	False
78	False
78	True
78	False
78	True
78	False
78	True
78	True
78	True
78	True
78	True
78	True
78	True
77	True
77	False
77	True
77	True
77	False
76	False
76	False
76	False
76	True
76	True
76	True
75	False
75	True
75	True
75	True
75	True
75	True
75	True
75	False
75	True
74	True
74	False
74	False
74	True
74	True
74	True
74	False
74	True
74	True
74	False
73	False
73	True
73	True
73	False
73	True
73	True
73	False
72	True
72	False
72	True
72	True
72	False
72	True
72	True
72	True
71	True
71	False
71	False
71	True
70	False
70	True
70	True
70	False
70	True
70	True
69	True
69	True
69	True
69	True
69	True
69	True
69	True
69	True
69	True
69	True
69	True
68	False
68	True
68	True
68	False
68	True
68	False
68	True
68	True
67	True
67	True
67	True
67	True
67	False
67	True
66	False
66	True
66	False
66	False
66	True
66	True
66	True
66	True
66	True
65	False
65	False
65	False
65	True
65	False
65	True
65	False
65	True
65	False
65	True
65	True
65	True
64	False
64	True
64	True
64	True
63	False
63	False
63	False
63	True
63	False
63	True
63	True
62	False
62	False
62	False
62	True
62	True
62	True
61	False
61	False
60	True
60	True
60	True
60	True
60	True
60	True
60	True
60	True
59	False
59	True
59	False
59	False
59	False
59	True
59	True
59	True
58	False
58	True
58	True
58	True
58	True
57	False
57	False
57	False
57	True
56	True
56	False
56	False
56	True
56	True
56	False
56	False
55	False
55	True
55	True
55	False
55	True
55	True
55	False
55	True
54	False
54	False
54	True
54	True
54	True
54	True
53	False
53	False
53	False
53	False
53	True
53	True
53	True
52	False
52	True
52	False
52	False
52	True
50	False
50	False
50	False
50	True
49	False
49	True
48	True
48	False
48	True
48	False
48	True
48	True
48	False
48	True
47	False
47	False
46	True
46	False
46	False
45	True
45	True
45	True
44	False
44	True
44	True
43	False
43	False
43	True
43	False
43	True
43	False
43	False
43	False
43	False
42	False
42	False
42	False
42	True
42	False
42	False
42	True
40	False
40	False
40	False
40	True
40	False
40	False
39	True
39	True
39	False
39	False
39	True
39	True
39	False
38	False
38	False
38	True
38	True
37	False
37	False
37	True
37	False
37	False
37	True
37	False
36	False
36	True
36	False
36	False
36	False
35	False
35	False
35	False
35	False
34	False
34	False
34	False
33	False
33	True
32	True
32	False
31	False
30	True
30	False
29	False
28	False
28	True
27	False
27	False
25	False
25	False
24	False
24	False
24	False
23	True
22	False
22	True
21	False
21	False
21	True
21	False
20	False
19	False
19	False
19	True
17	False
16	True
15	False
13	False
13	False
12	False
12	False
11	True
4	True
3	False
